# JRE version: OpenJDK Runtime Environment (8.0_152-b06) (build 1.8.0_152-release-1136-b06)
# Java VM: OpenJDK 64-Bit Server VM (25.152-b06 mixed mode windows-amd64 compressed oops)
Heap:
 PSYoungGen      total 65024K, used 22917K [0x00000000e0000000, 0x00000000e7f00000, 0x0000000100000000)
  eden space 60416K, 30% used [0x00000000e0000000,0x00000000e11e5508,0x00000000e3b00000)
  from space 4608K, 99% used [0x00000000e3b00000,0x00000000e3f7c010,0x00000000e3f80000)
  to   space 4608K, 0% used [0x00000000e7a80000,0x00000000e7a80000,0x00000000e7f00000)
 ParOldGen       total 79360K, used 5263K [0x00000000a0000000, 0x00000000a4d80000, 0x00000000e0000000)
  object space 79360K, 6% used [0x00000000a0000000,0x00000000a0523e20,0x00000000a4d80000)
 Metaspace       used 17475K, capacity 17910K, committed 18176K, reserved 1064960K
  class space    used 2532K, capacity 2689K, committed 2816K, reserved 1048576K
GC Heap History (6 events):
Event: 1.367 GC heap before
{Heap before GC invocations=1 (full 0):
 PSYoungGen      total 34816K, used 30208K [0x00000000e0000000, 0x00000000e2680000, 0x0000000100000000)
  eden space 30208K, 100% used [0x00000000e0000000,0x00000000e1d80000,0x00000000e1d80000)
  from space 4608K, 0% used [0x00000000e2200000,0x00000000e2200000,0x00000000e2680000)
  to   space 4608K, 0% used [0x00000000e1d80000,0x00000000e1d80000,0x00000000e2200000)
 ParOldGen       total 79360K, used 0K [0x00000000a0000000, 0x00000000a4d80000, 0x00000000e0000000)
  object space 79360K, 0% used [0x00000000a0000000,0x00000000a0000000,0x00000000a4d80000)
 Metaspace       used 6972K, capacity 7130K, committed 7424K, reserved 1056768K
  class space    used 846K, capacity 911K, committed 1024K, reserved 1048576K
Event: 1.382 GC heap after
Heap after GC invocations=1 (full 0):
 PSYoungGen      total 34816K, used 4185K [0x00000000e0000000, 0x00000000e4400000, 0x0000000100000000)
  eden space 30208K, 0% used [0x00000000e0000000,0x00000000e0000000,0x00000000e1d80000)
  from space 4608K, 90% used [0x00000000e1d80000,0x00000000e2196630,0x00000000e2200000)
  to   space 4608K, 0% used [0x00000000e3f80000,0x00000000e3f80000,0x00000000e4400000)
 ParOldGen       total 79360K, used 8K [0x00000000a0000000, 0x00000000a4d80000, 0x00000000e0000000)
  object space 79360K, 0% used [0x00000000a0000000,0x00000000a0002000,0x00000000a4d80000)
 Metaspace       used 6972K, capacity 7130K, committed 7424K, reserved 1056768K
  class space    used 846K, capacity 911K, committed 1024K, reserved 1048576K
}
Event: 2.173 GC heap before
{Heap before GC invocations=2 (full 0):
 PSYoungGen      total 34816K, used 34393K [0x00000000e0000000, 0x00000000e4400000, 0x0000000100000000)
  eden space 30208K, 100% used [0x00000000e0000000,0x00000000e1d80000,0x00000000e1d80000)
  from space 4608K, 90% used [0x00000000e1d80000,0x00000000e2196630,0x00000000e2200000)
  to   space 4608K, 0% used [0x00000000e3f80000,0x00000000e3f80000,0x00000000e4400000)
 ParOldGen       total 79360K, used 8K [0x00000000a0000000, 0x00000000a4d80000, 0x00000000e0000000)
  object space 79360K, 0% used [0x00000000a0000000,0x00000000a0002000,0x00000000a4d80000)
 Metaspace       used 9274K, capacity 9550K, committed 9856K, reserved 1058816K
  class space    used 1210K, capacity 1329K, committed 1408K, reserved 1048576K
Event: 2.181 GC heap after
Heap after GC invocations=2 (full 0):
 PSYoungGen      total 65024K, used 4366K [0x00000000e0000000, 0x00000000e4400000, 0x0000000100000000)
  eden space 60416K, 0% used [0x00000000e0000000,0x00000000e0000000,0x00000000e3b00000)
  from space 4608K, 94% used [0x00000000e3f80000,0x00000000e43c3a18,0x00000000e4400000)
  to   space 4608K, 0% used [0x00000000e3b00000,0x00000000e3b00000,0x00000000e3f80000)
 ParOldGen       total 79360K, used 16K [0x00000000a0000000, 0x00000000a4d80000, 0x00000000e0000000)
  object space 79360K, 0% used [0x00000000a0000000,0x00000000a0004000,0x00000000a4d80000)
 Metaspace       used 9274K, capacity 9550K, committed 9856K, reserved 1058816K
  class space    used 1210K, capacity 1329K, committed 1408K, reserved 1048576K
}
Event: 4.373 GC heap before
{Heap before GC invocations=3 (full 0):
 PSYoungGen      total 65024K, used 64782K [0x00000000e0000000, 0x00000000e4400000, 0x0000000100000000)
  eden space 60416K, 100% used [0x00000000e0000000,0x00000000e3b00000,0x00000000e3b00000)
  from space 4608K, 94% used [0x00000000e3f80000,0x00000000e43c3a18,0x00000000e4400000)
  to   space 4608K, 0% used [0x00000000e3b00000,0x00000000e3b00000,0x00000000e3f80000)
 ParOldGen       total 79360K, used 16K [0x00000000a0000000, 0x00000000a4d80000, 0x00000000e0000000)
  object space 79360K, 0% used [0x00000000a0000000,0x00000000a0004000,0x00000000a4d80000)
 Metaspace       used 15894K, capacity 16284K, committed 16512K, reserved 1062912K
  class space    used 2265K, capacity 2414K, committed 2432K, reserved 1048576K
Event: 4.407 GC heap after
Heap after GC invocations=3 (full 0):
 PSYoungGen      total 65024K, used 4592K [0x00000000e0000000, 0x00000000e7f00000, 0x0000000100000000)
  eden space 60416K, 0% used [0x00000000e0000000,0x00000000e0000000,0x00000000e3b00000)
  from space 4608K, 99% used [0x00000000e3b00000,0x00000000e3f7c010,0x00000000e3f80000)
  to   space 4608K, 0% used [0x00000000e7a80000,0x00000000e7a80000,0x00000000e7f00000)
 ParOldGen       total 79360K, used 5263K [0x00000000a0000000, 0x00000000a4d80000, 0x00000000e0000000)
  object space 79360K, 6% used [0x00000000a0000000,0x00000000a0523e20,0x00000000a4d80000)
 Metaspace       used 15894K, capacity 16284K, committed 16512K, reserved 1062912K
  class space    used 2265K, capacity 2414K, committed 2432K, reserved 1048576K
}

